[9497] 2013-Oct-27 13:22:01 - Restart log
[9497] 2013-Oct-27 13:22:01 - Core set status: index
[9497] 2013-Oct-27 13:22:06 - Core set status: busy
[9497] 2013-Oct-27 13:22:11 - Core set status: index
[9497] 2013-Oct-27 13:22:11 - Core set status: idle
[9497] 2013-Oct-27 19:53:02 - Core set status: paused
[9497] 2013-Oct-27 19:53:02 - Restart log
[9497] 2013-Oct-27 19:53:02 - Core set status: index
[9497] 2013-Oct-27 19:53:13 - Core set status: idle
[9497] 2013-Oct-27 20:31:45 - Core set status: index
[9497] 2013-Oct-27 20:31:47 - Core set status: busy
[9497] 2013-Oct-27 20:31:52 - Core set status: index
[9497] 2013-Oct-27 20:31:52 - Core set status: idle
[9497] 2013-Oct-27 20:41:46 - Core set status: index
[9497] 2013-Oct-27 20:41:48 - Core set status: busy
[9497] 2013-Oct-27 20:41:51 - Core set status: index
[9497] 2013-Oct-27 20:41:54 - Core set status: idle
[9497] 2013-Oct-27 20:43:38 - Core set status: index
[9497] 2013-Oct-27 20:43:39 - Core set status: busy
[9497] 2013-Oct-27 20:43:43 - Core set status: index
[9497] 2013-Oct-27 20:43:44 - Core set status: idle
[9497] 2013-Oct-27 20:44:10 - Core set status: index
[9497] 2013-Oct-27 20:44:11 - Core set status: busy
[9497] 2013-Oct-27 20:44:15 - Core set status: index
[9497] 2013-Oct-27 20:44:16 - Core set status: idle
[9497] 2013-Oct-27 20:44:25 - Core set status: index
[9497] 2013-Oct-27 20:44:26 - Core set status: busy
[9497] 2013-Oct-27 20:44:30 - Core set status: index
[9497] 2013-Oct-27 20:44:32 - Core set status: idle
[9497] 2013-Oct-27 20:45:03 - Core set status: index
[9497] 2013-Oct-27 20:45:05 - Core set status: busy
[9497] 2013-Oct-27 20:45:13 - Core set status: index
[9497] 2013-Oct-27 20:45:15 - Core set status: busy
[9497] 2013-Oct-27 20:45:21 - Core set status: index
[9497] 2013-Oct-27 20:45:31 - Core set status: busy
[9497] 2013-Oct-27 20:45:37 - Core set status: index
[9497] 2013-Oct-27 20:45:38 - Core set status: idle
[9497] 2013-Oct-27 20:46:37 - Core set status: index
[9497] 2013-Oct-27 20:46:38 - Core set status: busy
[9497] 2013-Oct-27 20:46:43 - Core set status: index
[9497] 2013-Oct-27 20:46:44 - Core set status: idle
[9497] 2013-Oct-27 20:46:49 - Core set status: index
[9497] 2013-Oct-27 20:46:50 - Core set status: busy
[9497] 2013-Oct-27 20:46:55 - Core set status: index
[9497] 2013-Oct-27 20:46:56 - Core set status: idle
[9497] 2013-Oct-27 20:47:00 - Core set status: index
[9497] 2013-Oct-27 20:47:02 - Core set status: busy
[9497] 2013-Oct-27 20:47:07 - Core set status: index
[9497] 2013-Oct-27 20:47:08 - Core set status: idle
[9497] 2013-Oct-27 20:47:45 - Core set status: index
[9497] 2013-Oct-27 20:47:47 - Core set status: busy
[9497] 2013-Oct-27 20:47:51 - Core set status: index
[9497] 2013-Oct-27 20:47:52 - Core set status: idle
[9497] 2013-Oct-27 20:47:58 - Core set status: index
[9497] 2013-Oct-27 20:47:59 - Core set status: busy
[9497] 2013-Oct-27 20:48:03 - Core set status: index
[9497] 2013-Oct-27 20:48:05 - Core set status: idle
[9497] 2013-Oct-27 20:54:17 - Core set status: index
[9497] 2013-Oct-27 20:54:18 - Core set status: busy
[9497] 2013-Oct-27 20:54:22 - Core set status: index
[9497] 2013-Oct-27 20:54:24 - Core set status: idle
[9497] 2013-Oct-27 20:54:31 - Core set status: index
[9497] 2013-Oct-27 20:54:32 - Core set status: busy
[9497] 2013-Oct-27 20:54:37 - Core set status: index
[9497] 2013-Oct-27 20:54:39 - Core set status: idle
[9497] 2013-Oct-27 20:55:49 - Core set status: index
[9497] 2013-Oct-27 20:55:51 - Core set status: busy
[9497] 2013-Oct-27 20:55:56 - Core set status: index
[9497] 2013-Oct-27 20:55:57 - Core set status: idle
[9497] 2013-Oct-27 20:56:00 - Core set status: index
[9497] 2013-Oct-27 20:56:02 - Core set status: busy
[9497] 2013-Oct-27 20:56:06 - Core set status: index
[9497] 2013-Oct-27 20:56:08 - Core set status: idle
[9497] 2013-Oct-27 20:56:09 - Core set status: index
[9497] 2013-Oct-27 20:56:11 - Core set status: busy
[9497] 2013-Oct-27 20:56:28 - Core set status: index
[9497] 2013-Oct-27 20:56:29 - Core set status: idle
[9497] 2013-Oct-27 20:56:32 - Core set status: index
[9497] 2013-Oct-27 20:56:33 - Core set status: busy
[9497] 2013-Oct-27 20:56:50 - Core set status: index
[9497] 2013-Oct-27 20:56:51 - Core set status: idle
[9497] 2013-Oct-27 20:57:24 - Core set status: index
